<?xml version="1.0" encoding="UTF-8"?>
<!-- Generated by org.testng.reporters.JUnitReportReporter -->
<testsuite skipped="0" hostname="DESKTOP-CKK8A56" name="runner.TestRunner" tests="1" failures="0" timestamp="9 Jan 2022 15:08:33 GMT" time="11.048" errors="0">
  <testcase name="runScenario" time="11.048" classname="runner.TestRunner"/>
</testsuite> <!-- runner.TestRunner -->
